<?xml version="1.0" encoding="UTF-8"?>
<coverage generated="1708301760213" clover="3.2.0">
  <project timestamp="1708301760214" name="All files">
    <metrics statements="56" coveredstatements="56" conditionals="55" coveredconditionals="55" methods="13" coveredmethods="13" elements="124" coveredelements="124" complexity="0" loc="56" ncloc="56" packages="2" files="3" classes="3"/>
    <package name="v2">
      <metrics statements="26" coveredstatements="26" conditionals="29" coveredconditionals="29" methods="5" coveredmethods="5"/>
      <file name="calculateRide.ts" path="/home/b2/Documents/Projetos/curso-clean-code/refactoring/src/v2/calculateRide.ts">
        <metrics statements="26" coveredstatements="26" conditionals="29" coveredconditionals="29" methods="5" coveredmethods="5"/>
        <line num="1" count="1" type="stmt"/>
        <line num="2" count="7" type="stmt"/>
        <line num="3" count="7" type="stmt"/>
        <line num="4" count="7" type="stmt"/>
        <line num="5" count="7" type="stmt"/>
        <line num="6" count="7" type="stmt"/>
        <line num="7" count="7" type="stmt"/>
        <line num="8" count="7" type="stmt"/>
        <line num="9" count="7" type="stmt"/>
        <line num="12" count="11" type="cond" truecount="4" falsecount="0"/>
        <line num="15" count="12" type="cond" truecount="4" falsecount="0"/>
        <line num="18" count="20" type="cond" truecount="2" falsecount="0"/>
        <line num="21" count="10" type="stmt"/>
        <line num="24" count="7" type="stmt"/>
        <line num="25" count="7" type="cond" truecount="1" falsecount="0"/>
        <line num="26" count="6" type="cond" truecount="1" falsecount="0"/>
        <line num="27" count="5" type="cond" truecount="3" falsecount="0"/>
        <line num="28" count="5" type="cond" truecount="3" falsecount="0"/>
        <line num="29" count="1" type="stmt"/>
        <line num="31" count="5" type="cond" truecount="3" falsecount="0"/>
        <line num="32" count="1" type="stmt"/>
        <line num="34" count="5" type="cond" truecount="3" falsecount="0"/>
        <line num="35" count="1" type="stmt"/>
        <line num="37" count="5" type="cond" truecount="3" falsecount="0"/>
        <line num="38" count="2" type="stmt"/>
        <line num="42" count="5" type="cond" truecount="2" falsecount="0"/>
      </file>
    </package>
    <package name="v3">
      <metrics statements="30" coveredstatements="30" conditionals="26" coveredconditionals="26" methods="8" coveredmethods="8"/>
      <file name="Ride.ts" path="/home/b2/Documents/Projetos/curso-clean-code/refactoring/src/v3/Ride.ts">
        <metrics statements="20" coveredstatements="20" conditionals="14" coveredconditionals="14" methods="3" coveredmethods="3"/>
        <line num="1" count="1" type="stmt"/>
        <line num="3" count="1" type="stmt"/>
        <line num="5" count="7" type="stmt"/>
        <line num="6" count="7" type="stmt"/>
        <line num="7" count="7" type="stmt"/>
        <line num="8" count="7" type="stmt"/>
        <line num="9" count="7" type="stmt"/>
        <line num="10" count="7" type="stmt"/>
        <line num="13" count="7" type="stmt"/>
        <line num="17" count="7" type="stmt"/>
        <line num="21" count="5" type="stmt"/>
        <line num="22" count="5" type="cond" truecount="3" falsecount="0"/>
        <line num="23" count="1" type="stmt"/>
        <line num="25" count="5" type="cond" truecount="3" falsecount="0"/>
        <line num="26" count="1" type="stmt"/>
        <line num="28" count="5" type="cond" truecount="3" falsecount="0"/>
        <line num="29" count="1" type="stmt"/>
        <line num="31" count="5" type="cond" truecount="3" falsecount="0"/>
        <line num="32" count="2" type="stmt"/>
        <line num="35" count="5" type="cond" truecount="2" falsecount="0"/>
      </file>
      <file name="Segment.ts" path="/home/b2/Documents/Projetos/curso-clean-code/refactoring/src/v3/Segment.ts">
        <metrics statements="10" coveredstatements="10" conditionals="12" coveredconditionals="12" methods="5" coveredmethods="5"/>
        <line num="1" count="1" type="stmt"/>
        <line num="2" count="7" type="stmt"/>
        <line num="3" count="7" type="stmt"/>
        <line num="5" count="7" type="stmt"/>
        <line num="6" count="7" type="cond" truecount="1" falsecount="0"/>
        <line num="7" count="6" type="cond" truecount="1" falsecount="0"/>
        <line num="11" count="6" type="cond" truecount="4" falsecount="0"/>
        <line num="14" count="7" type="cond" truecount="4" falsecount="0"/>
        <line num="17" count="20" type="cond" truecount="2" falsecount="0"/>
        <line num="20" count="10" type="stmt"/>
      </file>
    </package>
  </project>
</coverage>
