{"/home/b2/Documents/Projetos/curso-clean-code/refactoring/src/v2/calculateRide.ts": {"path":"/home/b2/Documents/Projetos/curso-clean-code/refactoring/src/v2/calculateRide.ts","statementMap":{"0":{"start":{"line":2,"column":15},"end":{"line":2,"column":16}},"1":{"start":{"line":3,"column":21},"end":{"line":3,"column":23}},"2":{"start":{"line":4,"column":24},"end":{"line":4,"column":27}},"3":{"start":{"line":5,"column":24},"end":{"line":5,"column":27}},"4":{"start":{"line":6,"column":27},"end":{"line":6,"column":30}},"5":{"start":{"line":7,"column":34},"end":{"line":7,"column":35}},"6":{"start":{"line":8,"column":28},"end":{"line":8,"column":30}},"7":{"start":{"line":9,"column":26},"end":{"line":9,"column":27}},"8":{"start":{"line":12,"column":6},"end":{"line":12,"column":105}},"9":{"start":{"line":15,"column":6},"end":{"line":15,"column":111}},"10":{"start":{"line":18,"column":6},"end":{"line":18,"column":84}},"11":{"start":{"line":21,"column":6},"end":{"line":21,"column":33}},"12":{"start":{"line":24,"column":4},"end":{"line":41,"column":5}},"13":{"start":{"line":25,"column":6},"end":{"line":25,"column":70}},"14":{"start":{"line":25,"column":38},"end":{"line":25,"column":70}},"15":{"start":{"line":26,"column":6},"end":{"line":26,"column":82}},"16":{"start":{"line":26,"column":46},"end":{"line":26,"column":82}},"17":{"start":{"line":27,"column":6},"end":{"line":40,"column":7}},"18":{"start":{"line":28,"column":8},"end":{"line":30,"column":9}},"19":{"start":{"line":29,"column":10},"end":{"line":29,"column":52}},"20":{"start":{"line":31,"column":8},"end":{"line":33,"column":9}},"21":{"start":{"line":32,"column":10},"end":{"line":32,"column":59}},"22":{"start":{"line":34,"column":8},"end":{"line":36,"column":9}},"23":{"start":{"line":35,"column":10},"end":{"line":35,"column":49}},"24":{"start":{"line":37,"column":8},"end":{"line":39,"column":9}},"25":{"start":{"line":38,"column":10},"end":{"line":38,"column":49}},"26":{"start":{"line":42,"column":4},"end":{"line":42,"column":null}},"27":{"start":{"line":1,"column":0},"end":{"line":1,"column":16}}},"fnMap":{"0":{"name":"calculateFare","decl":{"start":{"line":1,"column":16},"end":{"line":1,"column":29}},"loc":{"start":{"line":1,"column":72},"end":{"line":43,"column":3}}},"1":{"name":"isValidDistance","decl":{"start":{"line":11,"column":13},"end":{"line":11,"column":28}},"loc":{"start":{"line":11,"column":45},"end":{"line":13,"column":5}}},"2":{"name":"isValidDate","decl":{"start":{"line":14,"column":13},"end":{"line":14,"column":24}},"loc":{"start":{"line":14,"column":35},"end":{"line":16,"column":5}}},"3":{"name":"isOvernight","decl":{"start":{"line":17,"column":13},"end":{"line":17,"column":24}},"loc":{"start":{"line":17,"column":35},"end":{"line":19,"column":5}}},"4":{"name":"isSunday","decl":{"start":{"line":20,"column":13},"end":{"line":20,"column":21}},"loc":{"start":{"line":20,"column":32},"end":{"line":22,"column":5}}}},"branchMap":{"0":{"loc":{"start":{"line":12,"column":14},"end":{"line":12,"column":103}},"type":"binary-expr","locations":[{"start":{"line":12,"column":14},"end":{"line":12,"column":30}},{"start":{"line":12,"column":34},"end":{"line":12,"column":55}},{"start":{"line":12,"column":59},"end":{"line":12,"column":87}},{"start":{"line":12,"column":91},"end":{"line":12,"column":103}}]},"1":{"loc":{"start":{"line":15,"column":14},"end":{"line":15,"column":109}},"type":"binary-expr","locations":[{"start":{"line":15,"column":14},"end":{"line":15,"column":26}},{"start":{"line":15,"column":30},"end":{"line":15,"column":47}},{"start":{"line":15,"column":51},"end":{"line":15,"column":71}},{"start":{"line":15,"column":75},"end":{"line":15,"column":109}}]},"2":{"loc":{"start":{"line":18,"column":13},"end":{"line":18,"column":83}},"type":"binary-expr","locations":[{"start":{"line":18,"column":13},"end":{"line":18,"column":47}},{"start":{"line":18,"column":51},"end":{"line":18,"column":83}}]},"3":{"loc":{"start":{"line":25,"column":6},"end":{"line":25,"column":70}},"type":"if","locations":[{"start":{"line":25,"column":6},"end":{"line":25,"column":70}}]},"4":{"loc":{"start":{"line":26,"column":6},"end":{"line":26,"column":82}},"type":"if","locations":[{"start":{"line":26,"column":6},"end":{"line":26,"column":82}}]},"5":{"loc":{"start":{"line":27,"column":6},"end":{"line":40,"column":7}},"type":"if","locations":[{"start":{"line":27,"column":6},"end":{"line":40,"column":7}}]},"6":{"loc":{"start":{"line":27,"column":10},"end":{"line":27,"column":72}},"type":"binary-expr","locations":[{"start":{"line":27,"column":10},"end":{"line":27,"column":43}},{"start":{"line":27,"column":47},"end":{"line":27,"column":72}}]},"7":{"loc":{"start":{"line":28,"column":8},"end":{"line":30,"column":9}},"type":"if","locations":[{"start":{"line":28,"column":8},"end":{"line":30,"column":9}}]},"8":{"loc":{"start":{"line":28,"column":12},"end":{"line":28,"column":64}},"type":"binary-expr","locations":[{"start":{"line":28,"column":12},"end":{"line":28,"column":37}},{"start":{"line":28,"column":41},"end":{"line":28,"column":64}}]},"9":{"loc":{"start":{"line":31,"column":8},"end":{"line":33,"column":9}},"type":"if","locations":[{"start":{"line":31,"column":8},"end":{"line":33,"column":9}}]},"10":{"loc":{"start":{"line":31,"column":12},"end":{"line":31,"column":63}},"type":"binary-expr","locations":[{"start":{"line":31,"column":12},"end":{"line":31,"column":37}},{"start":{"line":31,"column":41},"end":{"line":31,"column":63}}]},"11":{"loc":{"start":{"line":34,"column":8},"end":{"line":36,"column":9}},"type":"if","locations":[{"start":{"line":34,"column":8},"end":{"line":36,"column":9}}]},"12":{"loc":{"start":{"line":34,"column":11},"end":{"line":34,"column":63}},"type":"binary-expr","locations":[{"start":{"line":34,"column":11},"end":{"line":34,"column":37}},{"start":{"line":34,"column":41},"end":{"line":34,"column":63}}]},"13":{"loc":{"start":{"line":37,"column":8},"end":{"line":39,"column":9}},"type":"if","locations":[{"start":{"line":37,"column":8},"end":{"line":39,"column":9}}]},"14":{"loc":{"start":{"line":37,"column":11},"end":{"line":37,"column":64}},"type":"binary-expr","locations":[{"start":{"line":37,"column":11},"end":{"line":37,"column":37}},{"start":{"line":37,"column":41},"end":{"line":37,"column":64}}]},"15":{"loc":{"start":{"line":42,"column":11},"end":{"line":42,"column":44}},"type":"cond-expr","locations":[{"start":{"line":42,"column":29},"end":{"line":42,"column":37}},{"start":{"line":42,"column":40},"end":{"line":42,"column":44}}]}},"s":{"0":7,"1":7,"2":7,"3":7,"4":7,"5":7,"6":7,"7":7,"8":11,"9":12,"10":20,"11":10,"12":7,"13":7,"14":1,"15":6,"16":1,"17":5,"18":5,"19":1,"20":5,"21":1,"22":5,"23":1,"24":5,"25":2,"26":5,"27":1},"f":{"0":7,"1":11,"2":12,"3":20,"4":10},"b":{"0":[11,11,11,11],"1":[12,12,12,12],"2":[20,12],"3":[1],"4":[1],"5":[5],"6":[5,5],"7":[1],"8":[5,2],"9":[1],"10":[5,2],"11":[1],"12":[5,3],"13":[2],"14":[5,3],"15":[1,4]}}
,"/home/b2/Documents/Projetos/curso-clean-code/refactoring/src/v3/Ride.ts": {"path":"/home/b2/Documents/Projetos/curso-clean-code/refactoring/src/v3/Ride.ts","statementMap":{"0":{"start":{"line":1,"column":0},"end":{"line":1,"column":32}},"1":{"start":{"line":5,"column":2},"end":{"line":5,"column":11}},"2":{"start":{"line":6,"column":2},"end":{"line":6,"column":16}},"3":{"start":{"line":7,"column":2},"end":{"line":7,"column":20}},"4":{"start":{"line":8,"column":2},"end":{"line":8,"column":20}},"5":{"start":{"line":9,"column":2},"end":{"line":9,"column":23}},"6":{"start":{"line":10,"column":2},"end":{"line":10,"column":28}},"7":{"start":{"line":13,"column":4},"end":{"line":13,"column":23}},"8":{"start":{"line":17,"column":4},"end":{"line":17,"column":52}},"9":{"start":{"line":21,"column":4},"end":{"line":34,"column":5}},"10":{"start":{"line":22,"column":6},"end":{"line":24,"column":7}},"11":{"start":{"line":23,"column":8},"end":{"line":23,"column":60}},"12":{"start":{"line":25,"column":6},"end":{"line":27,"column":7}},"13":{"start":{"line":26,"column":8},"end":{"line":26,"column":67}},"14":{"start":{"line":28,"column":6},"end":{"line":30,"column":7}},"15":{"start":{"line":29,"column":8},"end":{"line":29,"column":57}},"16":{"start":{"line":31,"column":6},"end":{"line":33,"column":7}},"17":{"start":{"line":32,"column":8},"end":{"line":32,"column":57}},"18":{"start":{"line":35,"column":4},"end":{"line":35,"column":null}},"19":{"start":{"line":3,"column":0},"end":{"line":3,"column":21}}},"fnMap":{"0":{"name":"(anonymous_1)","decl":{"start":{"line":12,"column":2},"end":{"line":12,"column":null}},"loc":{"start":{"line":12,"column":2},"end":{"line":14,"column":3}}},"1":{"name":"(anonymous_2)","decl":{"start":{"line":16,"column":2},"end":{"line":16,"column":12}},"loc":{"start":{"line":16,"column":41},"end":{"line":18,"column":3}}},"2":{"name":"(anonymous_3)","decl":{"start":{"line":20,"column":2},"end":{"line":20,"column":15}},"loc":{"start":{"line":20,"column":15},"end":{"line":36,"column":3}}}},"branchMap":{"0":{"loc":{"start":{"line":22,"column":6},"end":{"line":24,"column":7}},"type":"if","locations":[{"start":{"line":22,"column":6},"end":{"line":24,"column":7}}]},"1":{"loc":{"start":{"line":22,"column":10},"end":{"line":22,"column":54}},"type":"binary-expr","locations":[{"start":{"line":22,"column":10},"end":{"line":22,"column":31}},{"start":{"line":22,"column":35},"end":{"line":22,"column":54}}]},"2":{"loc":{"start":{"line":25,"column":6},"end":{"line":27,"column":7}},"type":"if","locations":[{"start":{"line":25,"column":6},"end":{"line":27,"column":7}}]},"3":{"loc":{"start":{"line":25,"column":10},"end":{"line":25,"column":53}},"type":"binary-expr","locations":[{"start":{"line":25,"column":10},"end":{"line":25,"column":31}},{"start":{"line":25,"column":35},"end":{"line":25,"column":53}}]},"4":{"loc":{"start":{"line":28,"column":6},"end":{"line":30,"column":7}},"type":"if","locations":[{"start":{"line":28,"column":6},"end":{"line":30,"column":7}}]},"5":{"loc":{"start":{"line":28,"column":10},"end":{"line":28,"column":54}},"type":"binary-expr","locations":[{"start":{"line":28,"column":10},"end":{"line":28,"column":32}},{"start":{"line":28,"column":36},"end":{"line":28,"column":54}}]},"6":{"loc":{"start":{"line":31,"column":6},"end":{"line":33,"column":7}},"type":"if","locations":[{"start":{"line":31,"column":6},"end":{"line":33,"column":7}}]},"7":{"loc":{"start":{"line":31,"column":10},"end":{"line":31,"column":55}},"type":"binary-expr","locations":[{"start":{"line":31,"column":10},"end":{"line":31,"column":32}},{"start":{"line":31,"column":36},"end":{"line":31,"column":55}}]},"8":{"loc":{"start":{"line":35,"column":11},"end":{"line":35,"column":64}},"type":"cond-expr","locations":[{"start":{"line":35,"column":39},"end":{"line":35,"column":52}},{"start":{"line":35,"column":55},"end":{"line":35,"column":64}}]}},"s":{"0":1,"1":7,"2":7,"3":7,"4":7,"5":7,"6":7,"7":7,"8":7,"9":5,"10":5,"11":1,"12":5,"13":1,"14":5,"15":1,"16":5,"17":2,"18":5,"19":1},"f":{"0":7,"1":7,"2":5},"b":{"0":[1],"1":[5,2],"2":[1],"3":[5,2],"4":[1],"5":[5,3],"6":[2],"7":[5,3],"8":[1,4]}}
,"/home/b2/Documents/Projetos/curso-clean-code/refactoring/src/v3/Segment.ts": {"path":"/home/b2/Documents/Projetos/curso-clean-code/refactoring/src/v3/Segment.ts","statementMap":{"0":{"start":{"line":5,"column":23},"end":{"line":5,"column":39}},"1":{"start":{"line":5,"column":50},"end":{"line":5,"column":60}},"2":{"start":{"line":2,"column":4},"end":{"line":2,"column":25}},"3":{"start":{"line":3,"column":4},"end":{"line":3,"column":22}},"4":{"start":{"line":6,"column":4},"end":{"line":6,"column":65}},"5":{"start":{"line":6,"column":33},"end":{"line":6,"column":65}},"6":{"start":{"line":7,"column":4},"end":{"line":7,"column":77}},"7":{"start":{"line":7,"column":41},"end":{"line":7,"column":77}},"8":{"start":{"line":11,"column":4},"end":{"line":11,"column":103}},"9":{"start":{"line":14,"column":4},"end":{"line":14,"column":109}},"10":{"start":{"line":17,"column":4},"end":{"line":17,"column":102}},"11":{"start":{"line":20,"column":4},"end":{"line":20,"column":36}},"12":{"start":{"line":1,"column":0},"end":{"line":1,"column":21}}},"fnMap":{"0":{"name":"(anonymous_0)","decl":{"start":{"line":5,"column":2},"end":{"line":5,"column":23}},"loc":{"start":{"line":5,"column":60},"end":{"line":8,"column":3}}},"1":{"name":"(anonymous_1)","decl":{"start":{"line":10,"column":2},"end":{"line":10,"column":17}},"loc":{"start":{"line":10,"column":34},"end":{"line":12,"column":3}}},"2":{"name":"(anonymous_2)","decl":{"start":{"line":13,"column":2},"end":{"line":13,"column":13}},"loc":{"start":{"line":13,"column":24},"end":{"line":15,"column":3}}},"3":{"name":"(anonymous_3)","decl":{"start":{"line":16,"column":2},"end":{"line":16,"column":13}},"loc":{"start":{"line":16,"column":13},"end":{"line":18,"column":3}}},"4":{"name":"(anonymous_4)","decl":{"start":{"line":19,"column":2},"end":{"line":19,"column":10}},"loc":{"start":{"line":19,"column":10},"end":{"line":21,"column":3}}}},"branchMap":{"0":{"loc":{"start":{"line":6,"column":4},"end":{"line":6,"column":65}},"type":"if","locations":[{"start":{"line":6,"column":4},"end":{"line":6,"column":65}}]},"1":{"loc":{"start":{"line":7,"column":4},"end":{"line":7,"column":77}},"type":"if","locations":[{"start":{"line":7,"column":4},"end":{"line":7,"column":77}}]},"2":{"loc":{"start":{"line":11,"column":12},"end":{"line":11,"column":101}},"type":"binary-expr","locations":[{"start":{"line":11,"column":12},"end":{"line":11,"column":28}},{"start":{"line":11,"column":32},"end":{"line":11,"column":53}},{"start":{"line":11,"column":57},"end":{"line":11,"column":85}},{"start":{"line":11,"column":89},"end":{"line":11,"column":101}}]},"3":{"loc":{"start":{"line":14,"column":12},"end":{"line":14,"column":107}},"type":"binary-expr","locations":[{"start":{"line":14,"column":12},"end":{"line":14,"column":24}},{"start":{"line":14,"column":28},"end":{"line":14,"column":45}},{"start":{"line":14,"column":49},"end":{"line":14,"column":69}},{"start":{"line":14,"column":73},"end":{"line":14,"column":107}}]},"4":{"loc":{"start":{"line":17,"column":11},"end":{"line":17,"column":101}},"type":"binary-expr","locations":[{"start":{"line":17,"column":11},"end":{"line":17,"column":55}},{"start":{"line":17,"column":59},"end":{"line":17,"column":101}}]}},"s":{"0":7,"1":7,"2":7,"3":7,"4":7,"5":1,"6":6,"7":1,"8":6,"9":7,"10":20,"11":10,"12":1},"f":{"0":7,"1":6,"2":7,"3":20,"4":10},"b":{"0":[1],"1":[1],"2":[6,6,6,6],"3":[7,7,7,7],"4":[20,12]}}
}
