TN:
SF:src/v2/calculateRide.ts
FN:1,calculateFare
FN:11,isValidDistance
FN:14,isValidDate
FN:17,isOvernight
FN:20,isSunday
FNF:5
FNH:5
FNDA:7,calculateFare
FNDA:11,isValidDistance
FNDA:12,isValidDate
FNDA:20,isOvernight
FNDA:10,isSunday
DA:1,1
DA:2,7
DA:3,7
DA:4,7
DA:5,7
DA:6,7
DA:7,7
DA:8,7
DA:9,7
DA:12,11
DA:15,12
DA:18,20
DA:21,10
DA:24,7
DA:25,7
DA:26,6
DA:27,5
DA:28,5
DA:29,1
DA:31,5
DA:32,1
DA:34,5
DA:35,1
DA:37,5
DA:38,2
DA:42,5
LF:26
LH:26
BRDA:12,0,0,11
BRDA:12,0,1,11
BRDA:12,0,2,11
BRDA:12,0,3,11
BRDA:15,1,0,12
BRDA:15,1,1,12
BRDA:15,1,2,12
BRDA:15,1,3,12
BRDA:18,2,0,20
BRDA:18,2,1,12
BRDA:25,3,0,1
BRDA:26,4,0,1
BRDA:27,5,0,5
BRDA:27,6,0,5
BRDA:27,6,1,5
BRDA:28,7,0,1
BRDA:28,8,0,5
BRDA:28,8,1,2
BRDA:31,9,0,1
BRDA:31,10,0,5
BRDA:31,10,1,2
BRDA:34,11,0,1
BRDA:34,12,0,5
BRDA:34,12,1,3
BRDA:37,13,0,2
BRDA:37,14,0,5
BRDA:37,14,1,3
BRDA:42,15,0,1
BRDA:42,15,1,4
BRF:29
BRH:29
end_of_record
TN:
SF:src/v3/Ride.ts
FN:12,(anonymous_1)
FN:16,(anonymous_2)
FN:20,(anonymous_3)
FNF:3
FNH:3
FNDA:7,(anonymous_1)
FNDA:7,(anonymous_2)
FNDA:5,(anonymous_3)
DA:1,1
DA:3,1
DA:5,7
DA:6,7
DA:7,7
DA:8,7
DA:9,7
DA:10,7
DA:13,7
DA:17,7
DA:21,5
DA:22,5
DA:23,1
DA:25,5
DA:26,1
DA:28,5
DA:29,1
DA:31,5
DA:32,2
DA:35,5
LF:20
LH:20
BRDA:22,0,0,1
BRDA:22,1,0,5
BRDA:22,1,1,2
BRDA:25,2,0,1
BRDA:25,3,0,5
BRDA:25,3,1,2
BRDA:28,4,0,1
BRDA:28,5,0,5
BRDA:28,5,1,3
BRDA:31,6,0,2
BRDA:31,7,0,5
BRDA:31,7,1,3
BRDA:35,8,0,1
BRDA:35,8,1,4
BRF:14
BRH:14
end_of_record
TN:
SF:src/v3/Segment.ts
FN:5,(anonymous_0)
FN:10,(anonymous_1)
FN:13,(anonymous_2)
FN:16,(anonymous_3)
FN:19,(anonymous_4)
FNF:5
FNH:5
FNDA:7,(anonymous_0)
FNDA:6,(anonymous_1)
FNDA:7,(anonymous_2)
FNDA:20,(anonymous_3)
FNDA:10,(anonymous_4)
DA:1,1
DA:2,7
DA:3,7
DA:5,7
DA:6,7
DA:7,6
DA:11,6
DA:14,7
DA:17,20
DA:20,10
LF:10
LH:10
BRDA:6,0,0,1
BRDA:7,1,0,1
BRDA:11,2,0,6
BRDA:11,2,1,6
BRDA:11,2,2,6
BRDA:11,2,3,6
BRDA:14,3,0,7
BRDA:14,3,1,7
BRDA:14,3,2,7
BRDA:14,3,3,7
BRDA:17,4,0,20
BRDA:17,4,1,12
BRF:12
BRH:12
end_of_record
